<?xml version="1.0" encoding="UTF-8"?>
<!-- Generated by org.testng.reporters.JUnitReportReporter -->
<testsuite ignored="1" hostname="DESKTOP-U4L4S65" failures="0" tests="1" name="TestingWCAG" time="6.890" errors="0" timestamp="20 May 2022 01:32:52 GMT" skipped="0">
  <testcase classname="TestingWCAG" name="testTwo" time="6.890"/>
  <testcase classname="TestingWCAG" name="testOne">
    <skipped/>
  </testcase> <!-- testOne -->
</testsuite> <!-- TestingWCAG -->
